<?xml version="1.0" encoding="UTF-8"?>
<!-- Generated by org.testng.reporters.JUnitReportReporter -->
<testsuite hostname="DESKTOP-H7AIMIL" failures="0" tests="2" name="testComponenents.EndToEndTest" time="33.877" errors="0" timestamp="2023-09-26T13:53:30 IST" skipped="0">
  <testcase classname="testComponenents.EndToEndTest" name="productSelection" time="20.339"/>
  <testcase classname="testComponenents.EndToEndTest" name="productSelection" time="13.538"/>
</testsuite> <!-- testComponenents.EndToEndTest -->
